<?xml version="1.0" encoding="UTF-8"?>
<!-- Generated by org.testng.reporters.JUnitReportReporter -->
<testsuite hostname="I22172" failures="0" tests="1" name="tests.VehicleSoldTest" time="4.386" errors="0" timestamp="2025-05-12T12:08:30 IST" skipped="0">
  <testcase classname="tests.VehicleSoldTest" name="testVehicleSold" time="4.386"/>
</testsuite> <!-- tests.VehicleSoldTest -->
