<?xml version="1.0" encoding="UTF-8"?>
<!-- Generated by org.testng.reporters.JUnitReportReporter -->
<testsuite hostname="I22172" failures="0" tests="1" name="tests.VehiclesInvoicedThisMonthTest" time="3.621" errors="0" timestamp="2025-05-12T12:08:30 IST" skipped="0">
  <testcase classname="tests.VehiclesInvoicedThisMonthTest" name="testVehiclesInvoicedThisMonth" time="3.621"/>
</testsuite> <!-- tests.VehiclesInvoicedThisMonthTest -->
