<?xml version="1.0" encoding="UTF-8"?>
<!-- Generated by org.testng.reporters.JUnitReportReporter -->
<testsuite hostname="I22172" failures="0" tests="1" name="tests.VehicleSoldTest" time="0.303" errors="0" timestamp="2025-05-13T12:02:23 IST" skipped="0">
  <testcase classname="tests.VehicleSoldTest" name="testVehicleSold" time="0.303"/>
</testsuite> <!-- tests.VehicleSoldTest -->
